<?xml version="1.0" encoding="UTF-8"?>
<!-- Generated by org.testng.reporters.JUnitReportReporter -->
<testsuite hostname="notebook" failures="0" tests="1" name="Tests" time="2.146" errors="0" timestamp="17 Dec 2020 11:13:39 GMT" skipped="0">
  <testcase classname="Tests" name="testDropDown" time="2.146"/>
</testsuite> <!-- Tests -->
