<?xml version="1.0" encoding="UTF-8"?>
<!-- Generated by org.testng.reporters.JUnitReportReporter -->
<testsuite hostname="notebook" failures="0" tests="1" name="Tests" time="6.452" errors="0" timestamp="08 Jan 2021 15:11:27 GMT" skipped="0">
  <testcase classname="Tests" name="testSearchField" time="6.452"/>
</testsuite> <!-- Tests -->
