<?xml version="1.0" encoding="UTF-8"?>
<!-- Generated by org.testng.reporters.JUnitReportReporter -->
<testsuite hostname="notebook" failures="0" tests="1" name="Tests" time="2.076" errors="0" timestamp="02 Dec 2020 13:35:24 GMT" skipped="0">
  <testcase classname="Tests" name="testingCheckboxes" time="2.076"/>
</testsuite> <!-- Tests -->
